

Microchip MPLAB XC8 Assembler V2.45 build 20230818022343 
                                                                                                           Thu Dec 12 01:01:44 2024


     1                           	processor	18F4620
     2                           	pagewidth 132
     3                           	psect	const,global,reloc=2,class=CONST,delta=1,noexec
     4                           	psect	smallconst,global,reloc=2,class=SMALLCONST,delta=1,noexec
     5                           	psect	mediumconst,global,reloc=2,class=MEDIUMCONST,delta=1,noexec
     6                           	psect	rbss,global,class=COMRAM,space=1,delta=1,noexec
     7                           	psect	bss,global,class=RAM,space=1,delta=1,noexec
     8                           	psect	rdata,global,class=COMRAM,space=1,delta=1,noexec
     9                           	psect	irdata,global,reloc=2,class=CODE,delta=1,noexec
    10                           	psect	data,global,class=RAM,space=1,delta=1,noexec
    11                           	psect	idata,global,reloc=2,class=CODE,delta=1,noexec
    12                           	psect	nvrram,global,class=COMRAM,space=1,delta=1,noexec
    13                           	psect	nvbit,global,bit,class=COMRAM,space=1,delta=1,noexec
    14                           	psect	temp,global,ovrld,class=COMRAM,space=1,delta=1,noexec
    15                           	psect	struct,global,ovrld,class=COMRAM,space=1,delta=1,noexec
    16                           	psect	rbit,global,bit,class=COMRAM,space=1,delta=1,noexec
    17                           	psect	bigbss,global,class=BIGRAM,space=1,delta=1,noexec
    18                           	psect	bigdata,global,class=BIGRAM,space=1,delta=1,noexec
    19                           	psect	ibigdata,global,reloc=2,class=CODE,delta=1,noexec
    20                           	psect	farbss,global,reloc=2,class=FARRAM,delta=1,noexec
    21                           	psect	nvFARRAM,global,reloc=2,class=FARRAM,delta=1,noexec
    22                           	psect	fardata,global,reloc=2,class=FARRAM,delta=1,noexec
    23                           	psect	ifardata,global,reloc=2,class=CODE,delta=1,noexec
    24                           	psect	reset_vec,global,reloc=2,class=CODE,delta=1
    25                           	psect	powerup,global,reloc=2,class=CODE,delta=1
    26                           	psect	init,global,reloc=2,class=CODE,delta=1
    27                           	psect	text,global,reloc=2,class=CODE,delta=1
    28                           	psect	clrtext,global,reloc=2,class=CODE,delta=1
    29                           	psect	config,global,class=CONFIG,space=4,delta=1,noexec
    30                           	psect	idloc,global,class=IDLOC,space=5,delta=1,noexec
    31                           	psect	intcode,global,reloc=2,class=CODE,delta=1
    32                           	psect	intcode_body,global,reloc=2,class=CODE,delta=1
    33                           	psect	intcodelo,global,reloc=2,class=CODE,delta=1
    34                           	psect	intret,global,reloc=2,class=CODE,delta=1
    35                           	psect	intentry,global,reloc=2,class=CODE,delta=1
    36                           	psect	intsave_regs,global,class=BIGRAM,space=1,delta=1
    37                           	psect	eeprom_data,global,class=EEDATA,delta=1,noexec
    38                           	psect	ramtop,global,class=RAM,delta=1,noexec
    39                           	psect	stack,global,class=STACK,space=2,delta=1,noexec
    40                           	psect	heap,global,class=HEAP,space=7,delta=1,noexec
    41                           	psect	comram,global,class=COMRAM,space=1,delta=1
    42                           	psect	abs1,global,class=ABS1,space=1,delta=1
    43                           	psect	bigram,global,class=BIGRAM,space=1,delta=1
    44                           	psect	ram,global,class=RAM,space=1,delta=1
    45                           	psect	bank0,global,class=BANK0,space=1,delta=1
    46                           	psect	bank1,global,class=BANK1,space=1,delta=1
    47                           	psect	bank2,global,class=BANK2,space=1,delta=1
    48                           	psect	bank3,global,class=BANK3,space=1,delta=1
    49                           	psect	bank4,global,class=BANK4,space=1,delta=1
    50                           	psect	bank5,global,class=BANK5,space=1,delta=1
    51                           	psect	bank6,global,class=BANK6,space=1,delta=1
    52                           	psect	bank7,global,class=BANK7,space=1,delta=1
    53                           	psect	bank8,global,class=BANK8,space=1,delta=1
    54                           	psect	bank9,global,class=BANK9,space=1,delta=1
    55                           	psect	bank10,global,class=BANK10,space=1,delta=1
    56                           	psect	bank11,global,class=BANK11,space=1,delta=1
    57                           	psect	bank12,global,class=BANK12,space=1,delta=1
    58                           	psect	bank13,global,class=BANK13,space=1,delta=1
    59                           	psect	bank14,global,class=BANK14,space=1,delta=1
    60                           	psect	bank15,global,class=BANK15,space=1,delta=1
    61                           	psect	sfr,global,class=SFR,space=1,delta=1
    62                           	psect	bigsfr,global,class=BIGSFR,space=1,delta=1
    63                           
    64                           ; Microchip MPLAB XC8 C Compiler V2.45
    65                           ; Copyright (C) 2023 Microchip Technology Inc.
    66                           ; Auto-generated runtime startup code for final link stage.
    67                           ;
    68                           ; Compiler options:
    69                           ;
    70                           ; -q --opt=none --chip=18f4620 --codeoffset=0x800 main.c \
    71                           ; -L--fixupoverflow=error --std=c99 --callgraph=none --warn=-3 \
    72                           ; --errformat=%f:%l:%c: error: (%n) %s \
    73                           ; --warnformat=%f:%l:%c: warning: (%n) %s \
    74                           ; --msgformat=%f:%l:%c: advisory: (%n) %s
    75                           ;
    76   000000                     
    77                           ; Generated 18/08/2023 GMT
    78                           ; 
    79                           ; Copyright © 2023, Microchip Technology Inc. and its subsidiaries ("Microchip")
    80                           ; All rights reserved.
    81                           ; 
    82                           ; This software is developed by Microchip Technology Inc. and its subsidiaries ("Microchip").
    83                           ; 
    84                           ; Redistribution and use in source and binary forms, with or without modification, are
    85                           ; permitted provided that the following conditions are met:
    86                           ; 
    87                           ;     1. Redistributions of source code must retain the above copyright notice, this list of
    88                           ;        conditions and the following disclaimer.
    89                           ; 
    90                           ;     2. Redistributions in binary form must reproduce the above copyright notice, this list
    91                           ;        of conditions and the following disclaimer in the documentation and/or other
    92                           ;        materials provided with the distribution. Publication is not required when
    93                           ;        this file is used in an embedded application.
    94                           ; 
    95                           ;     3. Microchip's name may not be used to endorse or promote products derived from this
    96                           ;        software without specific prior written permission.
    97                           ; 
    98                           ; THIS SOFTWARE IS PROVIDED BY MICROCHIP "AS IS" AND ANY EXPRESS OR IMPLIED WARRANTIES,
    99                           ; INCLUDING, BUT NOT LIMITED TO, THE IMPLIED WARRANTIES OF MERCHANTABILITY AND FITNESS FOR
   100                           ; PURPOSE ARE DISCLAIMED.  IN NO EVENT SHALL MICROCHIP BE LIABLE FOR ANY DIRECT, INDIRECT,
   101                           ; INCIDENTAL, SPECIAL, EXEMPLARY, OR CONSEQUENTIAL DAMAGES (INCLUDING BUT NOT LIMITED TO
   102                           ; PROCUREMENT OF SUBSTITUTE GOODS OR SERVICES; LOSS OF USE, DATA OR PROFITS; OR BUSINESS
   103                           ; INTERRUPTION) HOWSOEVER CAUSED AND ON ANY THEORY OF LIABILITY, WHETHER IN CONTRACT, STRICT
   104                           ; LIABILITY, OR TORT (INCLUDING NEGLIGENCE OR OTHERWISE) ARISING IN ANY WAY OUT OF THE USE OF
   105                           ; THIS SOFTWARE, EVEN IF ADVISED OF THE POSSIBILITY OF SUCH DAMAGE.
   106                           ; 
   107                           ; 
   108                           ; Code-generator required, PIC18F4620 Definitions
   109                           ; 
   110                           ; SFR Addresses
   111   000000                     
   112                           	psect	smallconst
   113   000000                     __smallconst:
   114                           	callstack 0
   115                           
   116                           	psect	mediumconst
   117   003BF2                     __mediumconst:
   118                           	callstack 0	; top of RAM usage
   119                           
   120                           	psect	reset_vec
   121   000800                     
   122                           ; No powerup routine
   123                           ; jump to start
   124   000800  EFA3  F005         	goto	start
   125   000000                     
   126                           ;Initialize the stack pointer (FSR1)
   127   000000                     
   128                           	psect	init
   129   000B46                     start:
   130                           	callstack 0
   131   000B46  EFE0  F008         	goto	start_initialization	;jump to C runtime clear & initialization
   132                           
   133                           	psect	text
   134   000000                     intlevel0:
   135                           	callstack 0
   136   000000                     intlevel1:
   137                           	callstack 0
   138   000000                     intlevel2:
   139                           	callstack 0
   140   000000                     intlevel3:
   141                           	callstack 0
   142                           
   143                           	psect	ramtop
   144   001000                     __ramtop:
   145                           	callstack 0
   146                           
   147                           	psect	stack
   148   000000                     ___sp:
   149                           	callstack 0
   150   000000                     ___inthi_sp:
   151                           	callstack 0
   152   000000                     ___intlo_sp:
   153                           	callstack 0
   154   000000                     ___stack_lo:
   155                           	callstack 0
   156   000000                     ___stack_hi:
   157                           	callstack 0
   158   000000                     ___inthi_stack_lo:
   159                           	callstack 0
   160   000000                     ___inthi_stack_hi:
   161                           	callstack 0
   162   000000                     ___intlo_stack_lo:
   163                           	callstack 0
   164   000000                     ___intlo_stack_hi:
   165                           	callstack 0
   166                           
   167                           ; No heap to be allocated
   168                           
   169                           	psect	heap
   170   000000                     tosu	equ	0xFFF
   171                           tosh	equ	0xFFE
   172                           tosl	equ	0xFFD
   173                           stkptr	equ	0xFFC
   174                           pclatu	equ	0xFFB
   175                           pclath	equ	0xFFA
   176                           pcl	equ	0xFF9
   177                           tblptru	equ	0xFF8
   178                           tblptrh	equ	0xFF7
   179                           tblptrl	equ	0xFF6
   180                           tablat	equ	0xFF5
   181                           prodh	equ	0xFF4
   182                           prodl	equ	0xFF3
   183                           indf0	equ	0xFEF
   184                           postinc0	equ	0xFEE
   185                           postdec0	equ	0xFED
   186                           preinc0	equ	0xFEC
   187                           plusw0	equ	0xFEB
   188                           fsr0h	equ	0xFEA
   189                           fsr0l	equ	0xFE9
   190                           wreg	equ	0xFE8
   191                           indf1	equ	0xFE7
   192                           postinc1	equ	0xFE6
   193                           postdec1	equ	0xFE5
   194                           preinc1	equ	0xFE4
   195                           plusw1	equ	0xFE3
   196                           fsr1h	equ	0xFE2
   197                           fsr1l	equ	0xFE1
   198                           bsr	equ	0xFE0
   199                           indf2	equ	0xFDF
   200                           postinc2	equ	0xFDE
   201                           postdec2	equ	0xFDD
   202                           preinc2	equ	0xFDC
   203                           plusw2	equ	0xFDB
   204                           fsr2h	equ	0xFDA
   205                           fsr2l	equ	0xFD9
   206                           status	equ	0xFD8


Microchip Technology PIC18 Macro Assembler V2.45 build 20230818022343 
Symbol Table                                                                                               Thu Dec 12 01:01:44 2024

                __S1 005E                 ___sp 0000                 _main 0B4A                 start 0B46  
              __HRAM 0000                __LRAM 0001               isa$std 0001     ___inthi_stack_hi 0000  
   ___inthi_stack_lo 0000         __mediumconst 3BF2               stackhi 0000               stacklo 0000  
         __accesstop 0080           ___inthi_sp 0000           ___intlo_sp 0000           ___stack_hi 0000  
         ___stack_lo 0000     ___intlo_stack_hi 0000     ___intlo_stack_lo 0000              __ramtop 1000  
start_initialization 11C0            ___heap_hi 0000            ___heap_lo 0000          __smallconst 0000  
           isa$xinst 0000             intlevel0 0000             intlevel1 0000             intlevel2 0000  
           intlevel3 0000             reset_vec 0800  
